<?xml version="1.0" encoding="UTF-8"?>
<!-- Generated by org.testng.reporters.JUnitReportReporter -->
<testsuite hostname="Thirumalaivasans-MacBook-Air.local" failures="0" tests="1" name="testCases.SignupTest" time="30.832" errors="0" timestamp="2023-12-23T11:49:37 IST" skipped="0">
  <testcase classname="testCases.SignupTest" name="signup" time="30.832"/>
  <system-out/>
</testsuite> <!-- testCases.SignupTest -->
